{"C:\\Users\\WebVajhegan\\Desktop\\vs code\\barcode-scanner-backend\\controllers\\productController.js": {"path":"C:\\Users\\WebVajhegan\\Desktop\\vs code\\barcode-scanner-backend\\controllers\\productController.js","statementMap":{"0":{"start":{"line":1,"column":17},"end":{"line":1,"column":45}},"1":{"start":{"line":7,"column":0},"end":{"line":16,"column":2}},"2":{"start":{"line":8,"column":50},"end":{"line":8,"column":58}},"3":{"start":{"line":9,"column":4},"end":{"line":15,"column":5}},"4":{"start":{"line":10,"column":24},"end":{"line":10,"column":75}},"5":{"start":{"line":11,"column":8},"end":{"line":11,"column":29}},"6":{"start":{"line":12,"column":8},"end":{"line":12,"column":38}},"7":{"start":{"line":14,"column":8},"end":{"line":14,"column":84}},"8":{"start":{"line":21,"column":0},"end":{"line":28,"column":2}},"9":{"start":{"line":22,"column":4},"end":{"line":27,"column":5}},"10":{"start":{"line":23,"column":25},"end":{"line":23,"column":46}},"11":{"start":{"line":24,"column":8},"end":{"line":24,"column":27}},"12":{"start":{"line":26,"column":8},"end":{"line":26,"column":85}},"13":{"start":{"line":33,"column":0},"end":{"line":41,"column":2}},"14":{"start":{"line":34,"column":4},"end":{"line":40,"column":5}},"15":{"start":{"line":35,"column":24},"end":{"line":35,"column":62}},"16":{"start":{"line":36,"column":8},"end":{"line":36,"column":80}},"17":{"start":{"line":36,"column":22},"end":{"line":36,"column":80}},"18":{"start":{"line":37,"column":8},"end":{"line":37,"column":26}},"19":{"start":{"line":39,"column":8},"end":{"line":39,"column":84}},"20":{"start":{"line":44,"column":0},"end":{"line":52,"column":2}},"21":{"start":{"line":45,"column":4},"end":{"line":51,"column":5}},"22":{"start":{"line":46,"column":31},"end":{"line":46,"column":103}},"23":{"start":{"line":47,"column":8},"end":{"line":47,"column":87}},"24":{"start":{"line":47,"column":29},"end":{"line":47,"column":87}},"25":{"start":{"line":48,"column":8},"end":{"line":48,"column":33}},"26":{"start":{"line":50,"column":8},"end":{"line":50,"column":84}},"27":{"start":{"line":55,"column":0},"end":{"line":63,"column":2}},"28":{"start":{"line":56,"column":4},"end":{"line":62,"column":5}},"29":{"start":{"line":57,"column":24},"end":{"line":57,"column":71}},"30":{"start":{"line":58,"column":8},"end":{"line":58,"column":80}},"31":{"start":{"line":58,"column":22},"end":{"line":58,"column":80}},"32":{"start":{"line":59,"column":8},"end":{"line":59,"column":45}},"33":{"start":{"line":61,"column":8},"end":{"line":61,"column":84}}},"fnMap":{"0":{"name":"(anonymous_0)","decl":{"start":{"line":7,"column":24},"end":{"line":7,"column":25}},"loc":{"start":{"line":7,"column":44},"end":{"line":16,"column":1}},"line":7},"1":{"name":"(anonymous_1)","decl":{"start":{"line":21,"column":25},"end":{"line":21,"column":26}},"loc":{"start":{"line":21,"column":45},"end":{"line":28,"column":1}},"line":21},"2":{"name":"(anonymous_2)","decl":{"start":{"line":33,"column":21},"end":{"line":33,"column":22}},"loc":{"start":{"line":33,"column":41},"end":{"line":41,"column":1}},"line":33},"3":{"name":"(anonymous_3)","decl":{"start":{"line":44,"column":24},"end":{"line":44,"column":25}},"loc":{"start":{"line":44,"column":44},"end":{"line":52,"column":1}},"line":44},"4":{"name":"(anonymous_4)","decl":{"start":{"line":55,"column":24},"end":{"line":55,"column":25}},"loc":{"start":{"line":55,"column":44},"end":{"line":63,"column":1}},"line":55}},"branchMap":{"0":{"loc":{"start":{"line":36,"column":8},"end":{"line":36,"column":80}},"type":"if","locations":[{"start":{"line":36,"column":8},"end":{"line":36,"column":80}},{"start":{},"end":{}}],"line":36},"1":{"loc":{"start":{"line":47,"column":8},"end":{"line":47,"column":87}},"type":"if","locations":[{"start":{"line":47,"column":8},"end":{"line":47,"column":87}},{"start":{},"end":{}}],"line":47},"2":{"loc":{"start":{"line":58,"column":8},"end":{"line":58,"column":80}},"type":"if","locations":[{"start":{"line":58,"column":8},"end":{"line":58,"column":80}},{"start":{},"end":{}}],"line":58}},"s":{"0":1,"1":1,"2":1,"3":1,"4":1,"5":1,"6":0,"7":1,"8":1,"9":0,"10":0,"11":0,"12":0,"13":1,"14":0,"15":0,"16":0,"17":0,"18":0,"19":0,"20":1,"21":0,"22":0,"23":0,"24":0,"25":0,"26":0,"27":1,"28":0,"29":0,"30":0,"31":0,"32":0,"33":0},"f":{"0":1,"1":0,"2":0,"3":0,"4":0},"b":{"0":[0,0],"1":[0,0],"2":[0,0]},"_coverageSchema":"1a1c01bbd47fc00a2c39e90264f33305004495a9","hash":"c161a29721845d37a5f43e252e741ca8637f3140"}
,"C:\\Users\\WebVajhegan\\Desktop\\vs code\\barcode-scanner-backend\\controllers\\userController.js": {"path":"C:\\Users\\WebVajhegan\\Desktop\\vs code\\barcode-scanner-backend\\controllers\\userController.js","statementMap":{"0":{"start":{"line":1,"column":13},"end":{"line":1,"column":38}},"1":{"start":{"line":2,"column":22},"end":{"line":2,"column":45}},"2":{"start":{"line":3,"column":15},"end":{"line":3,"column":34}},"3":{"start":{"line":13,"column":0},"end":{"line":28,"column":2}},"4":{"start":{"line":14,"column":41},"end":{"line":14,"column":49}},"5":{"start":{"line":15,"column":1},"end":{"line":15,"column":41}},"6":{"start":{"line":17,"column":1},"end":{"line":27,"column":2}},"7":{"start":{"line":18,"column":15},"end":{"line":18,"column":56}},"8":{"start":{"line":19,"column":2},"end":{"line":19,"column":20}},"9":{"start":{"line":20,"column":2},"end":{"line":20,"column":29}},"10":{"start":{"line":22,"column":2},"end":{"line":22,"column":53}},"11":{"start":{"line":23,"column":2},"end":{"line":26,"column":5}},"12":{"start":{"line":34,"column":0},"end":{"line":46,"column":1}},"13":{"start":{"line":35,"column":4},"end":{"line":45,"column":5}},"14":{"start":{"line":36,"column":22},"end":{"line":36,"column":59}},"15":{"start":{"line":37,"column":8},"end":{"line":37,"column":23}},"16":{"start":{"line":38,"column":2},"end":{"line":38,"column":20}},"17":{"start":{"line":41,"column":8},"end":{"line":44,"column":5}},"18":{"start":{"line":54,"column":0},"end":{"line":66,"column":2}},"19":{"start":{"line":55,"column":5},"end":{"line":65,"column":3}},"20":{"start":{"line":56,"column":16},"end":{"line":56,"column":70}},"21":{"start":{"line":57,"column":3},"end":{"line":57,"column":69}},"22":{"start":{"line":57,"column":14},"end":{"line":57,"column":69}},"23":{"start":{"line":58,"column":3},"end":{"line":58,"column":18}},"24":{"start":{"line":59,"column":3},"end":{"line":59,"column":20}},"25":{"start":{"line":61,"column":3},"end":{"line":64,"column":6}},"26":{"start":{"line":75,"column":0},"end":{"line":102,"column":2}},"27":{"start":{"line":76,"column":1},"end":{"line":101,"column":2}},"28":{"start":{"line":78,"column":2},"end":{"line":81,"column":3}},"29":{"start":{"line":79,"column":16},"end":{"line":79,"column":40}},"30":{"start":{"line":80,"column":3},"end":{"line":80,"column":66}},"31":{"start":{"line":84,"column":22},"end":{"line":88,"column":23}},"32":{"start":{"line":90,"column":2},"end":{"line":92,"column":3}},"33":{"start":{"line":91,"column":3},"end":{"line":91,"column":58}},"34":{"start":{"line":94,"column":2},"end":{"line":94,"column":24}},"35":{"start":{"line":95,"column":2},"end":{"line":95,"column":26}},"36":{"start":{"line":97,"column":2},"end":{"line":100,"column":5}},"37":{"start":{"line":109,"column":0},"end":{"line":118,"column":2}},"38":{"start":{"line":110,"column":4},"end":{"line":117,"column":5}},"39":{"start":{"line":111,"column":21},"end":{"line":111,"column":64}},"40":{"start":{"line":112,"column":8},"end":{"line":112,"column":74}},"41":{"start":{"line":112,"column":19},"end":{"line":112,"column":74}},"42":{"start":{"line":113,"column":8},"end":{"line":113,"column":42}},"43":{"start":{"line":114,"column":2},"end":{"line":114,"column":37}},"44":{"start":{"line":116,"column":8},"end":{"line":116,"column":81}},"45":{"start":{"line":125,"column":0},"end":{"line":147,"column":2}},"46":{"start":{"line":126,"column":32},"end":{"line":126,"column":40}},"47":{"start":{"line":128,"column":1},"end":{"line":146,"column":2}},"48":{"start":{"line":129,"column":15},"end":{"line":129,"column":47}},"49":{"start":{"line":131,"column":2},"end":{"line":135,"column":3}},"50":{"start":{"line":132,"column":3},"end":{"line":134,"column":51}},"51":{"start":{"line":137,"column":16},"end":{"line":137,"column":39}},"52":{"start":{"line":138,"column":2},"end":{"line":138,"column":22}},"53":{"start":{"line":142,"column":2},"end":{"line":145,"column":5}}},"fnMap":{"0":{"name":"(anonymous_0)","decl":{"start":{"line":13,"column":21},"end":{"line":13,"column":22}},"loc":{"start":{"line":13,"column":41},"end":{"line":28,"column":1}},"line":13},"1":{"name":"(anonymous_1)","decl":{"start":{"line":34,"column":22},"end":{"line":34,"column":23}},"loc":{"start":{"line":34,"column":41},"end":{"line":46,"column":1}},"line":34},"2":{"name":"(anonymous_2)","decl":{"start":{"line":54,"column":18},"end":{"line":54,"column":19}},"loc":{"start":{"line":54,"column":37},"end":{"line":66,"column":1}},"line":54},"3":{"name":"(anonymous_3)","decl":{"start":{"line":75,"column":21},"end":{"line":75,"column":22}},"loc":{"start":{"line":75,"column":41},"end":{"line":102,"column":1}},"line":75},"4":{"name":"(anonymous_4)","decl":{"start":{"line":109,"column":21},"end":{"line":109,"column":22}},"loc":{"start":{"line":109,"column":41},"end":{"line":118,"column":1}},"line":109},"5":{"name":"(anonymous_5)","decl":{"start":{"line":125,"column":20},"end":{"line":125,"column":21}},"loc":{"start":{"line":125,"column":40},"end":{"line":147,"column":1}},"line":125}},"branchMap":{"0":{"loc":{"start":{"line":57,"column":3},"end":{"line":57,"column":69}},"type":"if","locations":[{"start":{"line":57,"column":3},"end":{"line":57,"column":69}},{"start":{},"end":{}}],"line":57},"1":{"loc":{"start":{"line":78,"column":2},"end":{"line":81,"column":3}},"type":"if","locations":[{"start":{"line":78,"column":2},"end":{"line":81,"column":3}},{"start":{},"end":{}}],"line":78},"2":{"loc":{"start":{"line":90,"column":2},"end":{"line":92,"column":3}},"type":"if","locations":[{"start":{"line":90,"column":2},"end":{"line":92,"column":3}},{"start":{},"end":{}}],"line":90},"3":{"loc":{"start":{"line":112,"column":8},"end":{"line":112,"column":74}},"type":"if","locations":[{"start":{"line":112,"column":8},"end":{"line":112,"column":74}},{"start":{},"end":{}}],"line":112},"4":{"loc":{"start":{"line":131,"column":2},"end":{"line":135,"column":3}},"type":"if","locations":[{"start":{"line":131,"column":2},"end":{"line":135,"column":3}},{"start":{},"end":{}}],"line":131},"5":{"loc":{"start":{"line":131,"column":6},"end":{"line":131,"column":52}},"type":"binary-expr","locations":[{"start":{"line":131,"column":6},"end":{"line":131,"column":11}},{"start":{"line":131,"column":15},"end":{"line":131,"column":52}}],"line":131}},"s":{"0":1,"1":1,"2":1,"3":1,"4":0,"5":0,"6":0,"7":0,"8":0,"9":0,"10":0,"11":0,"12":1,"13":0,"14":0,"15":0,"16":0,"17":0,"18":1,"19":0,"20":0,"21":0,"22":0,"23":0,"24":0,"25":0,"26":1,"27":0,"28":0,"29":0,"30":0,"31":0,"32":0,"33":0,"34":0,"35":0,"36":0,"37":1,"38":0,"39":0,"40":0,"41":0,"42":0,"43":0,"44":0,"45":1,"46":5,"47":5,"48":5,"49":5,"50":5,"51":0,"52":0,"53":0},"f":{"0":0,"1":0,"2":0,"3":0,"4":0,"5":5},"b":{"0":[0,0],"1":[0,0],"2":[0,0],"3":[0,0],"4":[5,0],"5":[5,0]},"_coverageSchema":"1a1c01bbd47fc00a2c39e90264f33305004495a9","hash":"a209da5706e6fca1087603f92f5c4a699fee27e7"}
,"C:\\Users\\WebVajhegan\\Desktop\\vs code\\barcode-scanner-backend\\middlewares\\auth.js": {"path":"C:\\Users\\WebVajhegan\\Desktop\\vs code\\barcode-scanner-backend\\middlewares\\auth.js","statementMap":{"0":{"start":{"line":1,"column":12},"end":{"line":1,"column":35}},"1":{"start":{"line":2,"column":13},"end":{"line":2,"column":38}},"2":{"start":{"line":5,"column":0},"end":{"line":19,"column":2}},"3":{"start":{"line":6,"column":15},"end":{"line":6,"column":57}},"4":{"start":{"line":8,"column":1},"end":{"line":10,"column":2}},"5":{"start":{"line":9,"column":2},"end":{"line":9,"column":65}},"6":{"start":{"line":12,"column":1},"end":{"line":18,"column":2}},"7":{"start":{"line":13,"column":18},"end":{"line":13,"column":59}},"8":{"start":{"line":14,"column":2},"end":{"line":14,"column":21}},"9":{"start":{"line":15,"column":2},"end":{"line":15,"column":9}},"10":{"start":{"line":17,"column":2},"end":{"line":17,"column":69}},"11":{"start":{"line":22,"column":0},"end":{"line":28,"column":2}},"12":{"start":{"line":23,"column":1},"end":{"line":27,"column":2}},"13":{"start":{"line":24,"column":2},"end":{"line":24,"column":9}},"14":{"start":{"line":26,"column":2},"end":{"line":26,"column":66}}},"fnMap":{"0":{"name":"(anonymous_0)","decl":{"start":{"line":5,"column":18},"end":{"line":5,"column":19}},"loc":{"start":{"line":5,"column":38},"end":{"line":19,"column":1}},"line":5},"1":{"name":"(anonymous_1)","decl":{"start":{"line":22,"column":18},"end":{"line":22,"column":19}},"loc":{"start":{"line":22,"column":38},"end":{"line":28,"column":1}},"line":22}},"branchMap":{"0":{"loc":{"start":{"line":8,"column":1},"end":{"line":10,"column":2}},"type":"if","locations":[{"start":{"line":8,"column":1},"end":{"line":10,"column":2}},{"start":{},"end":{}}],"line":8},"1":{"loc":{"start":{"line":23,"column":1},"end":{"line":27,"column":2}},"type":"if","locations":[{"start":{"line":23,"column":1},"end":{"line":27,"column":2}},{"start":{"line":25,"column":8},"end":{"line":27,"column":2}}],"line":23},"2":{"loc":{"start":{"line":23,"column":5},"end":{"line":23,"column":33}},"type":"binary-expr","locations":[{"start":{"line":23,"column":5},"end":{"line":23,"column":13}},{"start":{"line":23,"column":17},"end":{"line":23,"column":33}}],"line":23}},"s":{"0":1,"1":1,"2":1,"3":3,"4":3,"5":0,"6":3,"7":3,"8":1,"9":1,"10":2,"11":1,"12":1,"13":1,"14":0},"f":{"0":3,"1":1},"b":{"0":[0,3],"1":[1,0],"2":[1,0]},"_coverageSchema":"1a1c01bbd47fc00a2c39e90264f33305004495a9","hash":"289b20cdc9a4462bc2a7217049eefdb61b6cc8ee"}
,"C:\\Users\\WebVajhegan\\Desktop\\vs code\\barcode-scanner-backend\\middlewares\\securityMiddleware.js": {"path":"C:\\Users\\WebVajhegan\\Desktop\\vs code\\barcode-scanner-backend\\middlewares\\securityMiddleware.js","statementMap":{"0":{"start":{"line":2,"column":21},"end":{"line":2,"column":44}},"1":{"start":{"line":3,"column":17},"end":{"line":3,"column":46}},"2":{"start":{"line":5,"column":27},"end":{"line":93,"column":1}},"3":{"start":{"line":8,"column":17},"end":{"line":8,"column":56}},"4":{"start":{"line":9,"column":2},"end":{"line":13,"column":4}},"5":{"start":{"line":14,"column":2},"end":{"line":14,"column":9}},"6":{"start":{"line":19,"column":19},"end":{"line":19,"column":28}},"7":{"start":{"line":21,"column":2},"end":{"line":43,"column":4}},"8":{"start":{"line":22,"column":14},"end":{"line":22,"column":52}},"9":{"start":{"line":23,"column":15},"end":{"line":23,"column":25}},"10":{"start":{"line":25,"column":3},"end":{"line":27,"column":4}},"11":{"start":{"line":26,"column":4},"end":{"line":26,"column":25}},"12":{"start":{"line":29,"column":24},"end":{"line":31,"column":44}},"13":{"start":{"line":31,"column":22},"end":{"line":31,"column":43}},"14":{"start":{"line":33,"column":3},"end":{"line":38,"column":4}},"15":{"start":{"line":34,"column":4},"end":{"line":37,"column":7}},"16":{"start":{"line":40,"column":3},"end":{"line":40,"column":26}},"17":{"start":{"line":41,"column":3},"end":{"line":41,"column":34}},"18":{"start":{"line":42,"column":3},"end":{"line":42,"column":10}},"19":{"start":{"line":48,"column":18},"end":{"line":48,"column":26}},"20":{"start":{"line":49,"column":2},"end":{"line":65,"column":4}},"21":{"start":{"line":50,"column":3},"end":{"line":63,"column":4}},"22":{"start":{"line":51,"column":4},"end":{"line":60,"column":14}},"23":{"start":{"line":62,"column":4},"end":{"line":62,"column":50}},"24":{"start":{"line":64,"column":3},"end":{"line":64,"column":28}},"25":{"start":{"line":66,"column":2},"end":{"line":66,"column":9}},"26":{"start":{"line":71,"column":19},"end":{"line":77,"column":3}},"27":{"start":{"line":72,"column":3},"end":{"line":75,"column":4}},"28":{"start":{"line":74,"column":4},"end":{"line":74,"column":46}},"29":{"start":{"line":76,"column":3},"end":{"line":76,"column":16}},"30":{"start":{"line":79,"column":2},"end":{"line":83,"column":3}},"31":{"start":{"line":80,"column":3},"end":{"line":82,"column":6}},"32":{"start":{"line":81,"column":4},"end":{"line":81,"column":44}},"33":{"start":{"line":85,"column":2},"end":{"line":89,"column":3}},"34":{"start":{"line":86,"column":3},"end":{"line":88,"column":6}},"35":{"start":{"line":87,"column":4},"end":{"line":87,"column":46}},"36":{"start":{"line":91,"column":2},"end":{"line":91,"column":9}},"37":{"start":{"line":97,"column":1},"end":{"line":109,"column":2}},"38":{"start":{"line":99,"column":3},"end":{"line":99,"column":19}},"39":{"start":{"line":101,"column":3},"end":{"line":101,"column":17}},"40":{"start":{"line":104,"column":3},"end":{"line":104,"column":19}},"41":{"start":{"line":106,"column":3},"end":{"line":106,"column":19}},"42":{"start":{"line":108,"column":3},"end":{"line":108,"column":17}},"43":{"start":{"line":113,"column":1},"end":{"line":113,"column":42}},"44":{"start":{"line":113,"column":28},"end":{"line":113,"column":42}},"45":{"start":{"line":114,"column":1},"end":{"line":114,"column":48}},"46":{"start":{"line":114,"column":31},"end":{"line":114,"column":48}},"47":{"start":{"line":115,"column":1},"end":{"line":115,"column":47}},"48":{"start":{"line":115,"column":30},"end":{"line":115,"column":47}},"49":{"start":{"line":116,"column":1},"end":{"line":116,"column":17}},"50":{"start":{"line":119,"column":0},"end":{"line":119,"column":36}}},"fnMap":{"0":{"name":"(anonymous_0)","decl":{"start":{"line":7,"column":15},"end":{"line":7,"column":16}},"loc":{"start":{"line":7,"column":35},"end":{"line":15,"column":2}},"line":7},"1":{"name":"(anonymous_1)","decl":{"start":{"line":18,"column":14},"end":{"line":18,"column":15}},"loc":{"start":{"line":18,"column":58},"end":{"line":44,"column":2}},"line":18},"2":{"name":"(anonymous_2)","decl":{"start":{"line":21,"column":9},"end":{"line":21,"column":10}},"loc":{"start":{"line":21,"column":29},"end":{"line":43,"column":3}},"line":21},"3":{"name":"(anonymous_3)","decl":{"start":{"line":31,"column":12},"end":{"line":31,"column":13}},"loc":{"start":{"line":31,"column":22},"end":{"line":31,"column":43}},"line":31},"4":{"name":"(anonymous_4)","decl":{"start":{"line":47,"column":11},"end":{"line":47,"column":12}},"loc":{"start":{"line":47,"column":37},"end":{"line":67,"column":2}},"line":47},"5":{"name":"(anonymous_5)","decl":{"start":{"line":49,"column":13},"end":{"line":49,"column":14}},"loc":{"start":{"line":49,"column":35},"end":{"line":65,"column":3}},"line":49},"6":{"name":"(anonymous_6)","decl":{"start":{"line":70,"column":16},"end":{"line":70,"column":17}},"loc":{"start":{"line":70,"column":36},"end":{"line":92,"column":2}},"line":70},"7":{"name":"(anonymous_7)","decl":{"start":{"line":71,"column":19},"end":{"line":71,"column":20}},"loc":{"start":{"line":71,"column":30},"end":{"line":77,"column":3}},"line":71},"8":{"name":"(anonymous_8)","decl":{"start":{"line":80,"column":33},"end":{"line":80,"column":34}},"loc":{"start":{"line":80,"column":42},"end":{"line":82,"column":4}},"line":80},"9":{"name":"(anonymous_9)","decl":{"start":{"line":86,"column":34},"end":{"line":86,"column":35}},"loc":{"start":{"line":86,"column":43},"end":{"line":88,"column":4}},"line":86},"10":{"name":"getActionType","decl":{"start":{"line":96,"column":9},"end":{"line":96,"column":22}},"loc":{"start":{"line":96,"column":31},"end":{"line":110,"column":1}},"line":96},"11":{"name":"getResourceType","decl":{"start":{"line":112,"column":9},"end":{"line":112,"column":24}},"loc":{"start":{"line":112,"column":30},"end":{"line":117,"column":1}},"line":112}},"branchMap":{"0":{"loc":{"start":{"line":18,"column":15},"end":{"line":18,"column":26}},"type":"default-arg","locations":[{"start":{"line":18,"column":23},"end":{"line":18,"column":26}}],"line":18},"1":{"loc":{"start":{"line":18,"column":28},"end":{"line":18,"column":53}},"type":"default-arg","locations":[{"start":{"line":18,"column":39},"end":{"line":18,"column":53}}],"line":18},"2":{"loc":{"start":{"line":22,"column":14},"end":{"line":22,"column":52}},"type":"binary-expr","locations":[{"start":{"line":22,"column":14},"end":{"line":22,"column":20}},{"start":{"line":22,"column":24},"end":{"line":22,"column":52}}],"line":22},"3":{"loc":{"start":{"line":25,"column":3},"end":{"line":27,"column":4}},"type":"if","locations":[{"start":{"line":25,"column":3},"end":{"line":27,"column":4}},{"start":{},"end":{}}],"line":25},"4":{"loc":{"start":{"line":33,"column":3},"end":{"line":38,"column":4}},"type":"if","locations":[{"start":{"line":33,"column":3},"end":{"line":38,"column":4}},{"start":{},"end":{}}],"line":33},"5":{"loc":{"start":{"line":57,"column":16},"end":{"line":57,"column":54}},"type":"binary-expr","locations":[{"start":{"line":57,"column":16},"end":{"line":57,"column":22}},{"start":{"line":57,"column":26},"end":{"line":57,"column":54}}],"line":57},"6":{"loc":{"start":{"line":59,"column":13},"end":{"line":59,"column":58}},"type":"cond-expr","locations":[{"start":{"line":59,"column":37},"end":{"line":59,"column":46}},{"start":{"line":59,"column":49},"end":{"line":59,"column":58}}],"line":59},"7":{"loc":{"start":{"line":72,"column":3},"end":{"line":75,"column":4}},"type":"if","locations":[{"start":{"line":72,"column":3},"end":{"line":75,"column":4}},{"start":{},"end":{}}],"line":72},"8":{"loc":{"start":{"line":79,"column":2},"end":{"line":83,"column":3}},"type":"if","locations":[{"start":{"line":79,"column":2},"end":{"line":83,"column":3}},{"start":{},"end":{}}],"line":79},"9":{"loc":{"start":{"line":85,"column":2},"end":{"line":89,"column":3}},"type":"if","locations":[{"start":{"line":85,"column":2},"end":{"line":89,"column":3}},{"start":{},"end":{}}],"line":85},"10":{"loc":{"start":{"line":97,"column":1},"end":{"line":109,"column":2}},"type":"switch","locations":[{"start":{"line":98,"column":2},"end":{"line":99,"column":19}},{"start":{"line":100,"column":2},"end":{"line":101,"column":17}},{"start":{"line":102,"column":2},"end":{"line":102,"column":13}},{"start":{"line":103,"column":2},"end":{"line":104,"column":19}},{"start":{"line":105,"column":2},"end":{"line":106,"column":19}},{"start":{"line":107,"column":2},"end":{"line":108,"column":17}}],"line":97},"11":{"loc":{"start":{"line":113,"column":1},"end":{"line":113,"column":42}},"type":"if","locations":[{"start":{"line":113,"column":1},"end":{"line":113,"column":42}},{"start":{},"end":{}}],"line":113},"12":{"loc":{"start":{"line":114,"column":1},"end":{"line":114,"column":48}},"type":"if","locations":[{"start":{"line":114,"column":1},"end":{"line":114,"column":48}},{"start":{},"end":{}}],"line":114},"13":{"loc":{"start":{"line":115,"column":1},"end":{"line":115,"column":47}},"type":"if","locations":[{"start":{"line":115,"column":1},"end":{"line":115,"column":47}},{"start":{},"end":{}}],"line":115}},"s":{"0":1,"1":1,"2":1,"3":0,"4":0,"5":0,"6":1,"7":1,"8":6,"9":6,"10":6,"11":1,"12":6,"13":15,"14":6,"15":1,"16":5,"17":5,"18":5,"19":0,"20":0,"21":0,"22":0,"23":0,"24":0,"25":0,"26":9,"27":24,"28":22,"29":2,"30":9,"31":9,"32":24,"33":9,"34":9,"35":0,"36":9,"37":0,"38":0,"39":0,"40":0,"41":0,"42":0,"43":0,"44":0,"45":0,"46":0,"47":0,"48":0,"49":0,"50":1},"f":{"0":0,"1":1,"2":6,"3":15,"4":0,"5":0,"6":9,"7":24,"8":24,"9":0,"10":0,"11":0},"b":{"0":[0],"1":[0],"2":[6,0],"3":[1,5],"4":[1,5],"5":[0,0],"6":[0,0],"7":[22,2],"8":[9,0],"9":[9,0],"10":[0,0,0,0,0,0],"11":[0,0],"12":[0,0],"13":[0,0]},"_coverageSchema":"1a1c01bbd47fc00a2c39e90264f33305004495a9","hash":"e6e76bdf0942f6d7b000757f6520913d71b5fb15"}
,"C:\\Users\\WebVajhegan\\Desktop\\vs code\\barcode-scanner-backend\\models\\AuditLog.js": {"path":"C:\\Users\\WebVajhegan\\Desktop\\vs code\\barcode-scanner-backend\\models\\AuditLog.js","statementMap":{"0":{"start":{"line":2,"column":17},"end":{"line":2,"column":36}},"1":{"start":{"line":4,"column":23},"end":{"line":49,"column":1}},"2":{"start":{"line":51,"column":0},"end":{"line":51,"column":60}}},"fnMap":{},"branchMap":{},"s":{"0":1,"1":1,"2":1},"f":{},"b":{},"_coverageSchema":"1a1c01bbd47fc00a2c39e90264f33305004495a9","hash":"5b9ef3b887cae8c44213f936164fcf0f35240484"}
,"C:\\Users\\WebVajhegan\\Desktop\\vs code\\barcode-scanner-backend\\models\\Product.js": {"path":"C:\\Users\\WebVajhegan\\Desktop\\vs code\\barcode-scanner-backend\\models\\Product.js","statementMap":{"0":{"start":{"line":2,"column":17},"end":{"line":2,"column":36}},"1":{"start":{"line":3,"column":15},"end":{"line":3,"column":32}},"2":{"start":{"line":5,"column":22},"end":{"line":62,"column":1}},"3":{"start":{"line":30,"column":5},"end":{"line":30,"column":38}},"4":{"start":{"line":65,"column":0},"end":{"line":69,"column":3}},"5":{"start":{"line":66,"column":20},"end":{"line":66,"column":81}},"6":{"start":{"line":67,"column":1},"end":{"line":67,"column":74}},"7":{"start":{"line":68,"column":1},"end":{"line":68,"column":8}},"8":{"start":{"line":72,"column":0},"end":{"line":72,"column":36}},"9":{"start":{"line":75,"column":0},"end":{"line":78,"column":3}},"10":{"start":{"line":80,"column":0},"end":{"line":80,"column":58}}},"fnMap":{"0":{"name":"(anonymous_0)","decl":{"start":{"line":28,"column":15},"end":{"line":28,"column":16}},"loc":{"start":{"line":28,"column":28},"end":{"line":31,"column":5}},"line":28},"1":{"name":"(anonymous_1)","decl":{"start":{"line":65,"column":26},"end":{"line":65,"column":27}},"loc":{"start":{"line":65,"column":42},"end":{"line":69,"column":1}},"line":65}},"branchMap":{},"s":{"0":1,"1":1,"2":1,"3":1,"4":1,"5":0,"6":0,"7":0,"8":1,"9":1,"10":1},"f":{"0":1,"1":0},"b":{},"_coverageSchema":"1a1c01bbd47fc00a2c39e90264f33305004495a9","hash":"c2ce263464a70a0c860f3428670aad9af3fa41aa"}
,"C:\\Users\\WebVajhegan\\Desktop\\vs code\\barcode-scanner-backend\\models\\User.js": {"path":"C:\\Users\\WebVajhegan\\Desktop\\vs code\\barcode-scanner-backend\\models\\User.js","statementMap":{"0":{"start":{"line":2,"column":17},"end":{"line":2,"column":36}},"1":{"start":{"line":3,"column":15},"end":{"line":3,"column":34}},"2":{"start":{"line":4,"column":15},"end":{"line":4,"column":32}},"3":{"start":{"line":6,"column":19},"end":{"line":55,"column":1}},"4":{"start":{"line":58,"column":0},"end":{"line":73,"column":3}},"5":{"start":{"line":59,"column":1},"end":{"line":59,"column":49}},"6":{"start":{"line":59,"column":35},"end":{"line":59,"column":49}},"7":{"start":{"line":61,"column":1},"end":{"line":72,"column":2}},"8":{"start":{"line":62,"column":15},"end":{"line":62,"column":39}},"9":{"start":{"line":63,"column":2},"end":{"line":63,"column":57}},"10":{"start":{"line":65,"column":2},"end":{"line":67,"column":3}},"11":{"start":{"line":66,"column":3},"end":{"line":66,"column":39}},"12":{"start":{"line":69,"column":2},"end":{"line":69,"column":9}},"13":{"start":{"line":71,"column":2},"end":{"line":71,"column":14}},"14":{"start":{"line":76,"column":0},"end":{"line":82,"column":2}},"15":{"start":{"line":77,"column":1},"end":{"line":81,"column":2}},"16":{"start":{"line":78,"column":2},"end":{"line":78,"column":62}},"17":{"start":{"line":80,"column":2},"end":{"line":80,"column":48}},"18":{"start":{"line":85,"column":0},"end":{"line":93,"column":2}},"19":{"start":{"line":87,"column":1},"end":{"line":89,"column":2}},"20":{"start":{"line":88,"column":2},"end":{"line":88,"column":47}},"21":{"start":{"line":91,"column":1},"end":{"line":91,"column":25}},"22":{"start":{"line":92,"column":1},"end":{"line":92,"column":20}},"23":{"start":{"line":96,"column":0},"end":{"line":101,"column":2}},"24":{"start":{"line":97,"column":1},"end":{"line":97,"column":24}},"25":{"start":{"line":98,"column":1},"end":{"line":98,"column":28}},"26":{"start":{"line":99,"column":1},"end":{"line":99,"column":29}},"27":{"start":{"line":100,"column":1},"end":{"line":100,"column":20}},"28":{"start":{"line":104,"column":0},"end":{"line":114,"column":2}},"29":{"start":{"line":105,"column":22},"end":{"line":105,"column":60}},"30":{"start":{"line":106,"column":1},"end":{"line":109,"column":17}},"31":{"start":{"line":111,"column":1},"end":{"line":111,"column":67}},"32":{"start":{"line":113,"column":1},"end":{"line":113,"column":21}},"33":{"start":{"line":116,"column":0},"end":{"line":116,"column":52}}},"fnMap":{"0":{"name":"(anonymous_0)","decl":{"start":{"line":58,"column":23},"end":{"line":58,"column":24}},"loc":{"start":{"line":58,"column":45},"end":{"line":73,"column":1}},"line":58},"1":{"name":"(anonymous_1)","decl":{"start":{"line":76,"column":35},"end":{"line":76,"column":36}},"loc":{"start":{"line":76,"column":68},"end":{"line":82,"column":1}},"line":76},"2":{"name":"(anonymous_2)","decl":{"start":{"line":85,"column":44},"end":{"line":85,"column":45}},"loc":{"start":{"line":85,"column":62},"end":{"line":93,"column":1}},"line":85},"3":{"name":"(anonymous_3)","decl":{"start":{"line":96,"column":40},"end":{"line":96,"column":41}},"loc":{"start":{"line":96,"column":58},"end":{"line":101,"column":1}},"line":96},"4":{"name":"(anonymous_4)","decl":{"start":{"line":104,"column":42},"end":{"line":104,"column":43}},"loc":{"start":{"line":104,"column":54},"end":{"line":114,"column":1}},"line":104}},"branchMap":{"0":{"loc":{"start":{"line":59,"column":1},"end":{"line":59,"column":49}},"type":"if","locations":[{"start":{"line":59,"column":1},"end":{"line":59,"column":49}},{"start":{},"end":{}}],"line":59},"1":{"loc":{"start":{"line":65,"column":2},"end":{"line":67,"column":3}},"type":"if","locations":[{"start":{"line":65,"column":2},"end":{"line":67,"column":3}},{"start":{},"end":{}}],"line":65},"2":{"loc":{"start":{"line":65,"column":6},"end":{"line":65,"column":48}},"type":"binary-expr","locations":[{"start":{"line":65,"column":6},"end":{"line":65,"column":33}},{"start":{"line":65,"column":37},"end":{"line":65,"column":48}}],"line":65},"3":{"loc":{"start":{"line":87,"column":1},"end":{"line":89,"column":2}},"type":"if","locations":[{"start":{"line":87,"column":1},"end":{"line":89,"column":2}},{"start":{},"end":{}}],"line":87}},"s":{"0":1,"1":1,"2":1,"3":1,"4":1,"5":5,"6":0,"7":5,"8":5,"9":5,"10":5,"11":0,"12":5,"13":0,"14":1,"15":0,"16":0,"17":0,"18":1,"19":0,"20":0,"21":0,"22":0,"23":1,"24":0,"25":0,"26":0,"27":0,"28":1,"29":0,"30":0,"31":0,"32":0,"33":1},"f":{"0":5,"1":0,"2":0,"3":0,"4":0},"b":{"0":[0,5],"1":[0,5],"2":[5,5],"3":[0,0]},"_coverageSchema":"1a1c01bbd47fc00a2c39e90264f33305004495a9","hash":"a490743461dd73ac6b47d2df6cc8c36f4d0e905a"}
,"C:\\Users\\WebVajhegan\\Desktop\\vs code\\barcode-scanner-backend\\routes\\productRoutes.js": {"path":"C:\\Users\\WebVajhegan\\Desktop\\vs code\\barcode-scanner-backend\\routes\\productRoutes.js","statementMap":{"0":{"start":{"line":1,"column":16},"end":{"line":1,"column":34}},"1":{"start":{"line":2,"column":29},"end":{"line":2,"column":59}},"2":{"start":{"line":3,"column":26},"end":{"line":3,"column":69}},"3":{"start":{"line":5,"column":15},"end":{"line":5,"column":31}},"4":{"start":{"line":8,"column":0},"end":{"line":8,"column":68}},"5":{"start":{"line":9,"column":0},"end":{"line":9,"column":51}},"6":{"start":{"line":10,"column":0},"end":{"line":10,"column":49}},"7":{"start":{"line":11,"column":0},"end":{"line":11,"column":70}},"8":{"start":{"line":12,"column":0},"end":{"line":12,"column":73}},"9":{"start":{"line":14,"column":0},"end":{"line":14,"column":24}}},"fnMap":{},"branchMap":{},"s":{"0":1,"1":1,"2":1,"3":1,"4":1,"5":1,"6":1,"7":1,"8":1,"9":1},"f":{},"b":{},"_coverageSchema":"1a1c01bbd47fc00a2c39e90264f33305004495a9","hash":"809550a4d6c18402f66db113634b0866182373d2"}
,"C:\\Users\\WebVajhegan\\Desktop\\vs code\\barcode-scanner-backend\\routes\\userRoutes.js": {"path":"C:\\Users\\WebVajhegan\\Desktop\\vs code\\barcode-scanner-backend\\routes\\userRoutes.js","statementMap":{"0":{"start":{"line":1,"column":16},"end":{"line":1,"column":34}},"1":{"start":{"line":2,"column":29},"end":{"line":2,"column":59}},"2":{"start":{"line":3,"column":23},"end":{"line":3,"column":63}},"3":{"start":{"line":5,"column":15},"end":{"line":5,"column":31}},"4":{"start":{"line":9,"column":0},"end":{"line":9,"column":62}},"5":{"start":{"line":10,"column":0},"end":{"line":10,"column":61}},"6":{"start":{"line":11,"column":0},"end":{"line":11,"column":53}},"7":{"start":{"line":12,"column":0},"end":{"line":12,"column":48}},"8":{"start":{"line":13,"column":0},"end":{"line":13,"column":64}},"9":{"start":{"line":14,"column":0},"end":{"line":14,"column":67}},"10":{"start":{"line":16,"column":0},"end":{"line":16,"column":24}}},"fnMap":{},"branchMap":{},"s":{"0":1,"1":1,"2":1,"3":1,"4":1,"5":1,"6":1,"7":1,"8":1,"9":1,"10":1},"f":{},"b":{},"_coverageSchema":"1a1c01bbd47fc00a2c39e90264f33305004495a9","hash":"89b66b25deb3c56ff8426854946dd034eeb7ce80"}
,"C:\\Users\\WebVajhegan\\Desktop\\vs code\\barcode-scanner-backend\\tests\\dbHandler.js": {"path":"C:\\Users\\WebVajhegan\\Desktop\\vs code\\barcode-scanner-backend\\tests\\dbHandler.js","statementMap":{"0":{"start":{"line":2,"column":17},"end":{"line":2,"column":36}},"1":{"start":{"line":4,"column":0},"end":{"line":32,"column":2}},"2":{"start":{"line":6,"column":2},"end":{"line":11,"column":3}},"3":{"start":{"line":7,"column":3},"end":{"line":7,"column":49}},"4":{"start":{"line":9,"column":3},"end":{"line":9,"column":51}},"5":{"start":{"line":10,"column":3},"end":{"line":10,"column":19}},"6":{"start":{"line":15,"column":2},"end":{"line":21,"column":3}},"7":{"start":{"line":16,"column":3},"end":{"line":16,"column":44}},"8":{"start":{"line":17,"column":3},"end":{"line":17,"column":37}},"9":{"start":{"line":19,"column":3},"end":{"line":19,"column":49}},"10":{"start":{"line":20,"column":3},"end":{"line":20,"column":19}},"11":{"start":{"line":25,"column":2},"end":{"line":25,"column":51}},"12":{"start":{"line":25,"column":44},"end":{"line":25,"column":51}},"13":{"start":{"line":27,"column":22},"end":{"line":27,"column":53}},"14":{"start":{"line":28,"column":2},"end":{"line":30,"column":3}},"15":{"start":{"line":29,"column":3},"end":{"line":29,"column":39}}},"fnMap":{"0":{"name":"(anonymous_0)","decl":{"start":{"line":5,"column":10},"end":{"line":5,"column":11}},"loc":{"start":{"line":5,"column":22},"end":{"line":12,"column":2}},"line":5},"1":{"name":"(anonymous_1)","decl":{"start":{"line":14,"column":16},"end":{"line":14,"column":17}},"loc":{"start":{"line":14,"column":28},"end":{"line":22,"column":2}},"line":14},"2":{"name":"(anonymous_2)","decl":{"start":{"line":24,"column":16},"end":{"line":24,"column":17}},"loc":{"start":{"line":24,"column":28},"end":{"line":31,"column":2}},"line":24}},"branchMap":{"0":{"loc":{"start":{"line":25,"column":2},"end":{"line":25,"column":51}},"type":"if","locations":[{"start":{"line":25,"column":2},"end":{"line":25,"column":51}},{"start":{},"end":{}}],"line":25}},"s":{"0":1,"1":1,"2":1,"3":1,"4":0,"5":0,"6":1,"7":1,"8":1,"9":0,"10":0,"11":5,"12":0,"13":5,"14":5,"15":15},"f":{"0":1,"1":1,"2":5},"b":{"0":[0,5]},"_coverageSchema":"1a1c01bbd47fc00a2c39e90264f33305004495a9","hash":"7b70416c319402b23992d71384b6d4d68d081afa"}
,"C:\\Users\\WebVajhegan\\Desktop\\vs code\\barcode-scanner-backend\\tests\\testServer.js": {"path":"C:\\Users\\WebVajhegan\\Desktop\\vs code\\barcode-scanner-backend\\tests\\testServer.js","statementMap":{"0":{"start":{"line":2,"column":16},"end":{"line":2,"column":34}},"1":{"start":{"line":6,"column":4},"end":{"line":6,"column":48}},"2":{"start":{"line":7,"column":29},"end":{"line":7,"column":59}},"3":{"start":{"line":8,"column":19},"end":{"line":8,"column":50}},"4":{"start":{"line":9,"column":22},"end":{"line":9,"column":56}},"5":{"start":{"line":12,"column":13},"end":{"line":12,"column":22}},"6":{"start":{"line":15,"column":1},"end":{"line":26,"column":3}},"7":{"start":{"line":18,"column":4},"end":{"line":23,"column":5}},"8":{"start":{"line":19,"column":5},"end":{"line":19,"column":21}},"9":{"start":{"line":21,"column":5},"end":{"line":21,"column":55}},"10":{"start":{"line":22,"column":5},"end":{"line":22,"column":37}},"11":{"start":{"line":28,"column":1},"end":{"line":28,"column":24}},"12":{"start":{"line":31,"column":1},"end":{"line":31,"column":61}},"13":{"start":{"line":34,"column":1},"end":{"line":34,"column":35}},"14":{"start":{"line":35,"column":1},"end":{"line":35,"column":41}},"15":{"start":{"line":38,"column":1},"end":{"line":56,"column":4}},"16":{"start":{"line":39,"column":2},"end":{"line":39,"column":27}},"17":{"start":{"line":41,"column":2},"end":{"line":45,"column":3}},"18":{"start":{"line":42,"column":3},"end":{"line":44,"column":6}},"19":{"start":{"line":47,"column":2},"end":{"line":51,"column":3}},"20":{"start":{"line":48,"column":3},"end":{"line":50,"column":6}},"21":{"start":{"line":53,"column":2},"end":{"line":55,"column":5}},"22":{"start":{"line":58,"column":1},"end":{"line":58,"column":12}},"23":{"start":{"line":61,"column":0},"end":{"line":61,"column":30}}},"fnMap":{"0":{"name":"createServer","decl":{"start":{"line":11,"column":9},"end":{"line":11,"column":21}},"loc":{"start":{"line":11,"column":24},"end":{"line":59,"column":1}},"line":11},"1":{"name":"(anonymous_1)","decl":{"start":{"line":17,"column":11},"end":{"line":17,"column":12}},"loc":{"start":{"line":17,"column":30},"end":{"line":24,"column":4}},"line":17},"2":{"name":"(anonymous_2)","decl":{"start":{"line":38,"column":9},"end":{"line":38,"column":10}},"loc":{"start":{"line":38,"column":34},"end":{"line":56,"column":2}},"line":38}},"branchMap":{"0":{"loc":{"start":{"line":41,"column":2},"end":{"line":45,"column":3}},"type":"if","locations":[{"start":{"line":41,"column":2},"end":{"line":45,"column":3}},{"start":{},"end":{}}],"line":41},"1":{"loc":{"start":{"line":47,"column":2},"end":{"line":51,"column":3}},"type":"if","locations":[{"start":{"line":47,"column":2},"end":{"line":51,"column":3}},{"start":{},"end":{}}],"line":47}},"s":{"0":1,"1":1,"2":1,"3":1,"4":1,"5":1,"6":1,"7":10,"8":10,"9":1,"10":1,"11":1,"12":1,"13":1,"14":1,"15":1,"16":1,"17":1,"18":0,"19":1,"20":0,"21":1,"22":1,"23":1},"f":{"0":1,"1":10,"2":1},"b":{"0":[0,1],"1":[0,1]},"_coverageSchema":"1a1c01bbd47fc00a2c39e90264f33305004495a9","hash":"4e288ed28ba4e609be2acce7751cda1e86c6b2b4"}
,"C:\\Users\\WebVajhegan\\Desktop\\vs code\\barcode-scanner-backend\\utils\\jwt.js": {"path":"C:\\Users\\WebVajhegan\\Desktop\\vs code\\barcode-scanner-backend\\utils\\jwt.js","statementMap":{"0":{"start":{"line":2,"column":12},"end":{"line":2,"column":35}},"1":{"start":{"line":3,"column":18},"end":{"line":3,"column":47}},"2":{"start":{"line":4,"column":17},"end":{"line":4,"column":36}},"3":{"start":{"line":5,"column":13},"end":{"line":5,"column":38}},"4":{"start":{"line":8,"column":21},"end":{"line":12,"column":2}},"5":{"start":{"line":15,"column":19},"end":{"line":18,"column":2}},"6":{"start":{"line":20,"column":16},"end":{"line":88,"column":1}},"7":{"start":{"line":21,"column":1},"end":{"line":87,"column":2}},"8":{"start":{"line":24,"column":2},"end":{"line":80,"column":3}},"9":{"start":{"line":28,"column":3},"end":{"line":74,"column":4}},"10":{"start":{"line":30,"column":4},"end":{"line":30,"column":52}},"11":{"start":{"line":33,"column":20},"end":{"line":33,"column":61}},"12":{"start":{"line":36,"column":17},"end":{"line":38,"column":12}},"13":{"start":{"line":40,"column":4},"end":{"line":45,"column":5}},"14":{"start":{"line":41,"column":5},"end":{"line":44,"column":8}},"15":{"start":{"line":47,"column":4},"end":{"line":52,"column":5}},"16":{"start":{"line":48,"column":5},"end":{"line":51,"column":8}},"17":{"start":{"line":55,"column":4},"end":{"line":64,"column":5}},"18":{"start":{"line":59,"column":5},"end":{"line":63,"column":8}},"19":{"start":{"line":66,"column":4},"end":{"line":66,"column":20}},"20":{"start":{"line":67,"column":4},"end":{"line":67,"column":11}},"21":{"start":{"line":69,"column":4},"end":{"line":69,"column":54}},"22":{"start":{"line":70,"column":4},"end":{"line":73,"column":7}},"23":{"start":{"line":76,"column":3},"end":{"line":79,"column":6}},"24":{"start":{"line":82,"column":2},"end":{"line":82,"column":49}},"25":{"start":{"line":83,"column":2},"end":{"line":86,"column":5}},"26":{"start":{"line":90,"column":16},"end":{"line":98,"column":1}},"27":{"start":{"line":91,"column":1},"end":{"line":96,"column":2}},"28":{"start":{"line":92,"column":2},"end":{"line":95,"column":5}},"29":{"start":{"line":97,"column":1},"end":{"line":97,"column":8}},"30":{"start":{"line":100,"column":0},"end":{"line":100,"column":64}}},"fnMap":{"0":{"name":"(anonymous_0)","decl":{"start":{"line":20,"column":16},"end":{"line":20,"column":17}},"loc":{"start":{"line":20,"column":42},"end":{"line":88,"column":1}},"line":20},"1":{"name":"(anonymous_1)","decl":{"start":{"line":90,"column":16},"end":{"line":90,"column":17}},"loc":{"start":{"line":90,"column":36},"end":{"line":98,"column":1}},"line":90}},"branchMap":{"0":{"loc":{"start":{"line":24,"column":2},"end":{"line":80,"column":3}},"type":"if","locations":[{"start":{"line":24,"column":2},"end":{"line":80,"column":3}},{"start":{"line":75,"column":9},"end":{"line":80,"column":3}}],"line":24},"1":{"loc":{"start":{"line":25,"column":3},"end":{"line":26,"column":49}},"type":"binary-expr","locations":[{"start":{"line":25,"column":3},"end":{"line":25,"column":28}},{"start":{"line":26,"column":3},"end":{"line":26,"column":49}}],"line":25},"2":{"loc":{"start":{"line":40,"column":4},"end":{"line":45,"column":5}},"type":"if","locations":[{"start":{"line":40,"column":4},"end":{"line":45,"column":5}},{"start":{},"end":{}}],"line":40},"3":{"loc":{"start":{"line":47,"column":4},"end":{"line":52,"column":5}},"type":"if","locations":[{"start":{"line":47,"column":4},"end":{"line":52,"column":5}},{"start":{},"end":{}}],"line":47},"4":{"loc":{"start":{"line":55,"column":4},"end":{"line":64,"column":5}},"type":"if","locations":[{"start":{"line":55,"column":4},"end":{"line":64,"column":5}},{"start":{},"end":{}}],"line":55},"5":{"loc":{"start":{"line":56,"column":5},"end":{"line":57,"column":58}},"type":"binary-expr","locations":[{"start":{"line":56,"column":5},"end":{"line":56,"column":27}},{"start":{"line":57,"column":5},"end":{"line":57,"column":58}}],"line":56},"6":{"loc":{"start":{"line":91,"column":1},"end":{"line":96,"column":2}},"type":"if","locations":[{"start":{"line":91,"column":1},"end":{"line":96,"column":2}},{"start":{},"end":{}}],"line":91},"7":{"loc":{"start":{"line":91,"column":5},"end":{"line":91,"column":35}},"type":"binary-expr","locations":[{"start":{"line":91,"column":5},"end":{"line":91,"column":14}},{"start":{"line":91,"column":18},"end":{"line":91,"column":35}}],"line":91}},"s":{"0":1,"1":1,"2":1,"3":1,"4":1,"5":1,"6":1,"7":0,"8":0,"9":0,"10":0,"11":0,"12":0,"13":0,"14":0,"15":0,"16":0,"17":0,"18":0,"19":0,"20":0,"21":0,"22":0,"23":0,"24":0,"25":0,"26":1,"27":0,"28":0,"29":0,"30":1},"f":{"0":0,"1":0},"b":{"0":[0,0],"1":[0,0],"2":[0,0],"3":[0,0],"4":[0,0],"5":[0,0],"6":[0,0],"7":[0,0]},"_coverageSchema":"1a1c01bbd47fc00a2c39e90264f33305004495a9","hash":"7aa8883eec8a1502ff144138232f83f6eafe99f8"}
}
