TN:
SF:app.js
FN:30,(anonymous_0)
FN:41,(anonymous_1)
FN:78,(anonymous_2)
FN:96,(anonymous_3)
FN:103,(anonymous_4)
FN:116,(anonymous_5)
FN:125,(anonymous_6)
FN:126,(anonymous_7)
FN:157,(anonymous_8)
FN:181,(anonymous_9)
FN:187,(anonymous_10)
FN:194,(anonymous_11)
FN:208,(anonymous_12)
FNF:13
FNH:6
FNDA:1,(anonymous_0)
FNDA:1,(anonymous_1)
FNDA:0,(anonymous_2)
FNDA:1,(anonymous_3)
FNDA:0,(anonymous_4)
FNDA:0,(anonymous_5)
FNDA:1,(anonymous_6)
FNDA:0,(anonymous_7)
FNDA:0,(anonymous_8)
FNDA:1,(anonymous_9)
FNDA:1,(anonymous_10)
FNDA:0,(anonymous_11)
FNDA:0,(anonymous_12)
DA:2,1
DA:3,1
DA:4,1
DA:5,1
DA:6,1
DA:7,1
DA:8,1
DA:9,1
DA:10,1
DA:13,1
DA:14,1
DA:15,1
DA:16,1
DA:24,1
DA:27,1
DA:31,1
DA:32,1
DA:33,1
DA:35,1
DA:36,1
DA:37,1
DA:43,1
DA:44,1
DA:45,1
DA:48,1
DA:49,1
DA:50,1
DA:60,1
DA:61,0
DA:65,1
DA:66,1
DA:67,1
DA:70,1
DA:73,1
DA:74,1
DA:79,0
DA:80,0
DA:81,0
DA:82,0
DA:86,0
DA:87,0
DA:88,0
DA:92,0
DA:97,1
DA:98,1
DA:99,1
DA:100,1
DA:103,1
DA:104,0
DA:116,1
DA:117,0
DA:126,1
DA:128,0
DA:137,0
DA:138,0
DA:149,0
DA:153,0
DA:154,0
DA:157,0
DA:161,0
DA:162,0
DA:169,0
DA:182,1
DA:184,1
DA:187,1
DA:188,1
DA:194,1
DA:195,0
DA:197,0
DA:208,1
DA:209,0
DA:211,0
DA:221,0
DA:224,0
DA:225,0
DA:231,1
DA:232,1
DA:234,1
LF:78
LH:50
BRDA:32,0,0,1
BRDA:32,0,1,0
BRDA:33,1,0,1
BRDA:33,1,1,0
BRDA:52,2,0,1
BRDA:52,2,1,1
BRDA:60,3,0,0
BRDA:60,3,1,1
BRDA:109,4,0,0
BRDA:109,4,1,0
BRDA:130,5,0,0
BRDA:130,5,1,0
BRDA:153,6,0,0
BRDA:153,6,1,0
BRDA:161,7,0,0
BRDA:161,7,1,0
BRDA:161,8,0,0
BRDA:161,8,1,0
BRDA:169,9,0,0
BRDA:169,9,1,0
BRDA:172,10,0,0
BRDA:172,10,1,0
BRDA:175,11,0,0
BRDA:175,11,1,0
BRF:24
BRH:5
end_of_record
TN:
SF:config\db.js
FN:4,(anonymous_0)
FNF:1
FNH:1
FNDA:1,(anonymous_0)
DA:1,1
DA:2,1
DA:4,1
DA:5,1
DA:6,1
DA:7,1
DA:9,0
DA:10,0
DA:14,1
LF:9
LH:7
BRF:0
BRH:0
end_of_record
TN:
SF:controllers\licenseController.js
FN:5,(anonymous_0)
FN:49,(anonymous_1)
FN:108,(anonymous_2)
FNF:3
FNH:0
FNDA:0,(anonymous_0)
FNDA:0,(anonymous_1)
FNDA:0,(anonymous_2)
DA:2,1
DA:3,1
DA:5,1
DA:6,0
DA:7,0
DA:8,0
DA:11,0
DA:12,0
DA:13,0
DA:20,0
DA:21,0
DA:30,0
DA:32,0
DA:41,0
DA:42,0
DA:49,1
DA:50,0
DA:51,0
DA:53,0
DA:54,0
DA:55,0
DA:62,0
DA:63,0
DA:70,0
DA:71,0
DA:77,0
DA:78,0
DA:79,0
DA:80,0
DA:87,0
DA:88,0
DA:90,0
DA:100,0
DA:101,0
DA:108,1
DA:109,0
DA:110,0
DA:111,0
DA:116,0
DA:117,0
DA:123,0
DA:132,0
DA:138,0
DA:152,0
DA:154,0
DA:160,0
DA:161,0
LF:47
LH:5
BRDA:12,0,0,0
BRDA:12,0,1,0
BRDA:54,1,0,0
BRDA:54,1,1,0
BRDA:62,2,0,0
BRDA:62,2,1,0
BRDA:70,3,0,0
BRDA:70,3,1,0
BRDA:77,4,0,0
BRDA:77,4,1,0
BRDA:116,5,0,0
BRDA:116,5,1,0
BRDA:143,6,0,0
BRDA:143,6,1,0
BRF:14
BRH:0
end_of_record
TN:
SF:controllers\productController.js
FN:7,(anonymous_0)
FN:21,(anonymous_1)
FN:33,(anonymous_2)
FN:44,(anonymous_3)
FN:55,(anonymous_4)
FNF:5
FNH:1
FNDA:1,(anonymous_0)
FNDA:0,(anonymous_1)
FNDA:0,(anonymous_2)
FNDA:0,(anonymous_3)
FNDA:0,(anonymous_4)
DA:1,2
DA:7,2
DA:8,1
DA:9,1
DA:10,1
DA:11,1
DA:12,0
DA:14,1
DA:21,2
DA:22,0
DA:23,0
DA:24,0
DA:26,0
DA:33,2
DA:34,0
DA:35,0
DA:36,0
DA:37,0
DA:39,0
DA:44,2
DA:45,0
DA:46,0
DA:47,0
DA:48,0
DA:50,0
DA:55,2
DA:56,0
DA:57,0
DA:58,0
DA:59,0
DA:61,0
LF:31
LH:11
BRDA:36,0,0,0
BRDA:36,0,1,0
BRDA:47,1,0,0
BRDA:47,1,1,0
BRDA:58,2,0,0
BRDA:58,2,1,0
BRF:6
BRH:0
end_of_record
TN:
SF:controllers\userController.js
FN:13,(anonymous_0)
FN:34,(anonymous_1)
FN:54,(anonymous_2)
FN:75,(anonymous_3)
FN:109,(anonymous_4)
FN:125,(anonymous_5)
FNF:6
FNH:1
FNDA:0,(anonymous_0)
FNDA:0,(anonymous_1)
FNDA:0,(anonymous_2)
FNDA:0,(anonymous_3)
FNDA:0,(anonymous_4)
FNDA:5,(anonymous_5)
DA:1,2
DA:2,2
DA:3,2
DA:13,2
DA:14,0
DA:15,0
DA:17,0
DA:18,0
DA:19,0
DA:20,0
DA:22,0
DA:23,0
DA:34,2
DA:35,0
DA:36,0
DA:37,0
DA:38,0
DA:41,0
DA:54,2
DA:55,0
DA:56,0
DA:57,0
DA:58,0
DA:59,0
DA:61,0
DA:75,2
DA:76,0
DA:78,0
DA:79,0
DA:80,0
DA:84,0
DA:90,0
DA:91,0
DA:94,0
DA:95,0
DA:97,0
DA:109,2
DA:110,0
DA:111,0
DA:112,0
DA:113,0
DA:114,0
DA:116,0
DA:125,2
DA:126,5
DA:128,5
DA:129,5
DA:131,5
DA:132,5
DA:137,0
DA:138,0
DA:142,0
LF:52
LH:14
BRDA:57,0,0,0
BRDA:57,0,1,0
BRDA:78,1,0,0
BRDA:78,1,1,0
BRDA:90,2,0,0
BRDA:90,2,1,0
BRDA:112,3,0,0
BRDA:112,3,1,0
BRDA:131,4,0,5
BRDA:131,4,1,0
BRDA:131,5,0,5
BRDA:131,5,1,0
BRF:12
BRH:2
end_of_record
TN:
SF:middlewares\auth.js
FN:5,(anonymous_0)
FN:22,(anonymous_1)
FNF:2
FNH:2
FNDA:3,(anonymous_0)
FNDA:1,(anonymous_1)
DA:1,2
DA:2,2
DA:5,2
DA:6,3
DA:8,3
DA:9,0
DA:12,3
DA:13,3
DA:14,1
DA:15,1
DA:17,2
DA:22,2
DA:23,1
DA:24,1
DA:26,0
LF:15
LH:13
BRDA:8,0,0,0
BRDA:8,0,1,3
BRDA:23,1,0,1
BRDA:23,1,1,0
BRDA:23,2,0,1
BRDA:23,2,1,0
BRF:6
BRH:3
end_of_record
TN:
SF:middlewares\securityMiddleware.js
FN:7,(anonymous_0)
FN:18,(anonymous_1)
FN:21,(anonymous_2)
FN:31,(anonymous_3)
FN:47,(anonymous_4)
FN:49,(anonymous_5)
FN:70,(anonymous_6)
FN:71,(anonymous_7)
FN:80,(anonymous_8)
FN:86,(anonymous_9)
FN:96,getActionType
FN:112,getResourceType
FNF:12
FNH:6
FNDA:0,(anonymous_0)
FNDA:4,(anonymous_1)
FNDA:6,(anonymous_2)
FNDA:15,(anonymous_3)
FNDA:0,(anonymous_4)
FNDA:0,(anonymous_5)
FNDA:9,(anonymous_6)
FNDA:24,(anonymous_7)
FNDA:24,(anonymous_8)
FNDA:0,(anonymous_9)
FNDA:0,getActionType
FNDA:0,getResourceType
DA:2,2
DA:3,2
DA:5,2
DA:8,0
DA:9,0
DA:14,0
DA:19,4
DA:21,4
DA:22,6
DA:23,6
DA:25,6
DA:26,1
DA:29,6
DA:31,15
DA:33,6
DA:34,1
DA:40,5
DA:41,5
DA:42,5
DA:48,0
DA:49,0
DA:50,0
DA:51,0
DA:62,0
DA:64,0
DA:66,0
DA:71,9
DA:72,24
DA:74,22
DA:76,2
DA:79,9
DA:80,9
DA:81,24
DA:85,9
DA:86,9
DA:87,0
DA:91,9
DA:97,0
DA:99,0
DA:101,0
DA:104,0
DA:106,0
DA:108,0
DA:113,0
DA:114,0
DA:115,0
DA:116,0
DA:119,2
LF:48
LH:27
BRDA:18,0,0,0
BRDA:18,1,0,0
BRDA:22,2,0,6
BRDA:22,2,1,0
BRDA:25,3,0,1
BRDA:25,3,1,5
BRDA:33,4,0,1
BRDA:33,4,1,5
BRDA:57,5,0,0
BRDA:57,5,1,0
BRDA:59,6,0,0
BRDA:59,6,1,0
BRDA:72,7,0,22
BRDA:72,7,1,2
BRDA:79,8,0,9
BRDA:79,8,1,0
BRDA:85,9,0,9
BRDA:85,9,1,0
BRDA:97,10,0,0
BRDA:97,10,1,0
BRDA:97,10,2,0
BRDA:97,10,3,0
BRDA:97,10,4,0
BRDA:97,10,5,0
BRDA:113,11,0,0
BRDA:113,11,1,0
BRDA:114,12,0,0
BRDA:114,12,1,0
BRDA:115,13,0,0
BRDA:115,13,1,0
BRF:30
BRH:9
end_of_record
TN:
SF:models\AuditLog.js
FNF:0
FNH:0
DA:2,2
DA:4,2
DA:51,2
LF:3
LH:3
BRF:0
BRH:0
end_of_record
TN:
SF:models\License.js
FNF:0
FNH:0
DA:2,1
DA:4,1
DA:68,1
LF:3
LH:3
BRF:0
BRH:0
end_of_record
TN:
SF:models\Product.js
FN:28,(anonymous_0)
FN:65,(anonymous_1)
FNF:2
FNH:1
FNDA:1,(anonymous_0)
FNDA:0,(anonymous_1)
DA:2,2
DA:3,2
DA:5,2
DA:30,1
DA:65,2
DA:66,0
DA:67,0
DA:68,0
DA:72,2
DA:75,2
DA:80,2
LF:11
LH:8
BRF:0
BRH:0
end_of_record
TN:
SF:models\User.js
FN:58,(anonymous_0)
FN:76,(anonymous_1)
FN:85,(anonymous_2)
FN:96,(anonymous_3)
FN:104,(anonymous_4)
FNF:5
FNH:1
FNDA:6,(anonymous_0)
FNDA:0,(anonymous_1)
FNDA:0,(anonymous_2)
FNDA:0,(anonymous_3)
FNDA:0,(anonymous_4)
DA:2,3
DA:3,3
DA:4,3
DA:6,3
DA:58,3
DA:59,6
DA:61,6
DA:62,6
DA:63,6
DA:65,6
DA:66,0
DA:69,6
DA:71,0
DA:76,3
DA:77,0
DA:78,0
DA:80,0
DA:85,3
DA:87,0
DA:88,0
DA:91,0
DA:92,0
DA:96,3
DA:97,0
DA:98,0
DA:99,0
DA:100,0
DA:104,3
DA:105,0
DA:106,0
DA:111,0
DA:113,0
DA:116,3
LF:33
LH:16
BRDA:59,0,0,0
BRDA:59,0,1,6
BRDA:65,1,0,0
BRDA:65,1,1,6
BRDA:65,2,0,6
BRDA:65,2,1,6
BRDA:87,3,0,0
BRDA:87,3,1,0
BRF:8
BRH:4
end_of_record
TN:
SF:routes\docRoutes.js
FN:7,(anonymous_0)
FN:20,(anonymous_1)
FNF:2
FNH:0
FNDA:0,(anonymous_0)
FNDA:0,(anonymous_1)
DA:2,1
DA:3,1
DA:4,1
DA:7,1
DA:8,0
DA:10,0
DA:13,0
DA:14,0
DA:20,0
DA:21,0
DA:22,0
DA:23,0
DA:27,0
DA:28,0
DA:32,1
LF:15
LH:5
BRDA:21,0,0,0
BRDA:21,0,1,0
BRF:2
BRH:0
end_of_record
TN:
SF:routes\licenseRoutes.js
FNF:0
FNH:0
DA:2,1
DA:3,1
DA:4,1
DA:5,1
DA:6,1
DA:9,1
DA:12,1
DA:13,1
DA:14,1
DA:16,1
LF:10
LH:10
BRF:0
BRH:0
end_of_record
TN:
SF:routes\productRoutes.js
FNF:0
FNH:0
DA:1,2
DA:2,2
DA:3,2
DA:5,2
DA:8,2
DA:9,2
DA:10,2
DA:11,2
DA:12,2
DA:14,2
LF:10
LH:10
BRF:0
BRH:0
end_of_record
TN:
SF:routes\userRoutes.js
FNF:0
FNH:0
DA:1,2
DA:2,2
DA:3,2
DA:5,2
DA:9,2
DA:10,2
DA:11,2
DA:12,2
DA:13,2
DA:14,2
DA:16,2
LF:11
LH:11
BRF:0
BRH:0
end_of_record
TN:
SF:tests\dbHandler.js
FN:5,(anonymous_0)
FN:14,(anonymous_1)
FN:24,(anonymous_2)
FNF:3
FNH:3
FNDA:3,(anonymous_0)
FNDA:3,(anonymous_1)
FNDA:6,(anonymous_2)
DA:2,3
DA:4,3
DA:6,3
DA:7,3
DA:9,0
DA:10,0
DA:15,3
DA:16,3
DA:17,3
DA:19,0
DA:20,0
DA:25,6
DA:26,6
DA:27,6
DA:28,14
DA:31,0
DA:32,0
LF:17
LH:11
BRF:0
BRH:0
end_of_record
TN:
SF:tests\testServer.js
FN:11,createServer
FN:17,(anonymous_1)
FN:38,(anonymous_2)
FNF:3
FNH:3
FNDA:1,createServer
FNDA:10,(anonymous_1)
FNDA:1,(anonymous_2)
DA:2,1
DA:6,1
DA:7,1
DA:8,1
DA:9,1
DA:12,1
DA:15,1
DA:18,10
DA:19,10
DA:21,1
DA:22,1
DA:28,1
DA:31,1
DA:34,1
DA:35,1
DA:38,1
DA:39,1
DA:41,1
DA:42,0
DA:47,1
DA:48,0
DA:53,1
DA:58,1
DA:61,1
LF:24
LH:22
BRDA:41,0,0,0
BRDA:41,0,1,1
BRDA:47,1,0,0
BRDA:47,1,1,1
BRF:4
BRH:2
end_of_record
TN:
SF:utils\jwt.js
FN:20,(anonymous_0)
FN:90,(anonymous_1)
FNF:2
FNH:0
FNDA:0,(anonymous_0)
FNDA:0,(anonymous_1)
DA:2,2
DA:3,2
DA:4,2
DA:5,2
DA:8,2
DA:15,2
DA:20,2
DA:21,0
DA:24,0
DA:28,0
DA:30,0
DA:33,0
DA:36,0
DA:40,0
DA:41,0
DA:47,0
DA:48,0
DA:55,0
DA:59,0
DA:66,0
DA:67,0
DA:69,0
DA:70,0
DA:76,0
DA:82,0
DA:83,0
DA:90,2
DA:91,0
DA:92,0
DA:97,0
DA:100,2
LF:31
LH:9
BRDA:24,0,0,0
BRDA:24,0,1,0
BRDA:25,1,0,0
BRDA:25,1,1,0
BRDA:40,2,0,0
BRDA:40,2,1,0
BRDA:47,3,0,0
BRDA:47,3,1,0
BRDA:55,4,0,0
BRDA:55,4,1,0
BRDA:56,5,0,0
BRDA:56,5,1,0
BRDA:91,6,0,0
BRDA:91,6,1,0
BRDA:91,7,0,0
BRDA:91,7,1,0
BRF:16
BRH:0
end_of_record
TN:
SF:utils\licenseUtils.js
FN:5,(anonymous_0)
FN:9,(anonymous_1)
FN:16,(anonymous_2)
FN:22,(anonymous_3)
FN:28,(anonymous_4)
FNF:5
FNH:0
FNDA:0,(anonymous_0)
FNDA:0,(anonymous_1)
FNDA:0,(anonymous_2)
FNDA:0,(anonymous_3)
FNDA:0,(anonymous_4)
DA:2,1
DA:6,0
DA:10,0
DA:17,0
DA:18,0
DA:19,0
DA:23,0
DA:29,0
DA:37,1
LF:9
LH:2
BRF:0
BRH:0
end_of_record
